0 info it worked if it ends with ok
1 verbose cli [ '/usr/local/Cellar/node/5.9.1/bin/node',
1 verbose cli   '/Users/Mani/.node/bin/npm',
1 verbose cli   'run',
1 verbose cli   'check' ]
2 info using npm@3.8.3
3 info using node@v5.9.1
4 verbose run-script [ 'precheck', 'check', 'postcheck' ]
5 info lifecycle spell-correct@1.0.0~precheck: spell-correct@1.0.0
6 silly lifecycle spell-correct@1.0.0~precheck: no script for precheck, continuing
7 info lifecycle spell-correct@1.0.0~check: spell-correct@1.0.0
8 verbose lifecycle spell-correct@1.0.0~check: unsafe-perm in lifecycle true
9 verbose lifecycle spell-correct@1.0.0~check: PATH: /Users/Mani/.node/lib/node_modules/npm/bin/node-gyp-bin:/Users/Mani/Projects/trie/spellCorrect/node_modules/.bin:/usr/local/Cellar/node/5.9.1/bin:/Users/Mani/.node/lib/node_modules/npm/bin/node-gyp-bin:/Users/Mani/Projects/trie/spellCorrect/node_modules/.bin:/usr/local/Cellar/node/5.9.1/bin:/Users/Mani/.rvm/gems/ruby-2.1.5/bin:/Users/Mani/.rvm/gems/ruby-2.1.5@global/bin:/Users/Mani/.rvm/rubies/ruby-2.1.5/bin:/Users/Mani/.npm:/Users/Mani/.node/bin:/usr/local/bin:/usr/bin:/bin:/usr/sbin:/sbin:/usr/local/git:/usr/local/mysql/bin/:/usr/local/mysql/support-files/:/usr/local/lib/node_modules/jshint/bin/jshint:/usr/local/mongodb/bin:/usr/local/ant/bin:/Users/Mani/.rvm/bin
10 verbose lifecycle spell-correct@1.0.0~check: CWD: /Users/Mani/Projects/trie/spellCorrect
11 silly lifecycle spell-correct@1.0.0~check: Args: [ '-c', 'node ./src/console.js' ]
12 silly lifecycle spell-correct@1.0.0~check: Returned: code: 1  signal: null
13 info lifecycle spell-correct@1.0.0~check: Failed to exec check script
14 verbose stack Error: spell-correct@1.0.0 check: `node ./src/console.js`
14 verbose stack Exit status 1
14 verbose stack     at EventEmitter.<anonymous> (/Users/Mani/.node/lib/node_modules/npm/lib/utils/lifecycle.js:239:16)
14 verbose stack     at emitTwo (events.js:100:13)
14 verbose stack     at EventEmitter.emit (events.js:185:7)
14 verbose stack     at ChildProcess.<anonymous> (/Users/Mani/.node/lib/node_modules/npm/lib/utils/spawn.js:24:14)
14 verbose stack     at emitTwo (events.js:100:13)
14 verbose stack     at ChildProcess.emit (events.js:185:7)
14 verbose stack     at maybeClose (internal/child_process.js:850:16)
14 verbose stack     at Process.ChildProcess._handle.onexit (internal/child_process.js:215:5)
15 verbose pkgid spell-correct@1.0.0
16 verbose cwd /Users/Mani/Projects/trie/spellCorrect
17 error Darwin 15.3.0
18 error argv "/usr/local/Cellar/node/5.9.1/bin/node" "/Users/Mani/.node/bin/npm" "run" "check"
19 error node v5.9.1
20 error npm  v3.8.3
21 error code ELIFECYCLE
22 error spell-correct@1.0.0 check: `node ./src/console.js`
22 error Exit status 1
23 error Failed at the spell-correct@1.0.0 check script 'node ./src/console.js'.
23 error Make sure you have the latest version of node.js and npm installed.
23 error If you do, this is most likely a problem with the spell-correct package,
23 error not with npm itself.
23 error Tell the author that this fails on your system:
23 error     node ./src/console.js
23 error You can get information on how to open an issue for this project with:
23 error     npm bugs spell-correct
23 error Or if that isn't available, you can get their info via:
23 error     npm owner ls spell-correct
23 error There is likely additional logging output above.
24 verbose exit [ 1, true ]
